Threads: 1
Size of Pane: 10
Iterations: 107
Time: 0.000070s
Threads: 1
Size of Pane: 25
Iterations: 650
Time: 0.003321s
Threads: 1
Size of Pane: 50
Iterations: 2364
Time: 0.051837s
Threads: 1
Size of Pane: 75
Iterations: 4935
Time: 0.256946s
Threads: 1
Size of Pane: 100
Iterations: 8256
Time: 0.766045s
Threads: 1
Size of Pane: 150
Iterations: 16863
Time: 3.547600s
Threads: 1
Size of Pane: 200
Iterations: 27757
Time: 10.410141s
Threads: 1
Size of Pane: 250
Iterations: 40642
Time: 23.917636s

########################################################################
----------------------! Balena Job Details !----------------------------

JobID          : 1051194
No. of nodes   : 1
No. of CPUs    : 16
Timelimit      : 00:15:00
Elapsed time   : 00:00:40
Nodelist       : node-sw-163

########################################################################

