Threads: 14
Size of Pane: 10
Iterations: 107
Time: 0.019258
Threads: 14
Size of Pane: 25
Iterations: 650
Time: 0.119868
Threads: 14
Size of Pane: 50
Iterations: 2364
Time: 0.469198
Threads: 14
Size of Pane: 75
Iterations: 4935
Time: 0.929192
Threads: 14
Size of Pane: 100
Iterations: 8256
Time: 1.526046
Threads: 14
Size of Pane: 150
Iterations: 16863
Time: 2.873703
Threads: 14
Size of Pane: 200
Iterations: 27757
Time: 5.500486
Threads: 14
Size of Pane: 250
Iterations: 40642
Time: 7.792017
Threads: 14
Size of Pane: 300
Iterations: 55287
Time: 11.589225
Threads: 14
Size of Pane: 350
Iterations: 71507
Time: 17.450158
Threads: 14
Size of Pane: 400
Iterations: 89145
Time: 24.205009
Threads: 14
Size of Pane: 450
Iterations: 108063
Time: 30.759363
Threads: 14
Size of Pane: 500
Iterations: 128143
Time: 41.134454
Threads: 14
Size of Pane: 750
Iterations: 242538
Time: 128.731447
Threads: 14
Size of Pane: 1000
Iterations: 373218
Time: 310.012926

########################################################################
----------------------! Balena Job Details !----------------------------

JobID          : 1051282
No. of nodes   : 1
No. of CPUs    : 16
Timelimit      : 00:15:00
Elapsed time   : 00:10:40
Nodelist       : node-sw-164

########################################################################

