Threads: 14
Size of Pane: 10
Iterations: 107
Time: 0.020510
Threads: 14
Size of Pane: 25
Iterations: 650
Time: 0.121918
Threads: 14
Size of Pane: 50
Iterations: 2364
Time: 0.439482
Threads: 14
Size of Pane: 75
Iterations: 4935
Time: 0.900550
Threads: 14
Size of Pane: 100
Iterations: 8256
Time: 1.465682
Threads: 14
Size of Pane: 150
Iterations: 16863
Time: 3.092062
Threads: 14
Size of Pane: 200
Iterations: 27757
Time: 4.739697
Threads: 14
Size of Pane: 250
Iterations: 40642
Time: 7.538414
Threads: 14
Size of Pane: 300
Iterations: 55287
Time: 11.531643
Threads: 14
Size of Pane: 350
Iterations: 71507
Time: 16.305575
Threads: 14
Size of Pane: 400
Iterations: 89145
Time: 22.754616
Threads: 14
Size of Pane: 450
Iterations: 108063
Time: 31.111185
Threads: 14
Size of Pane: 500
Iterations: 128143
Time: 40.513660
Threads: 14
Size of Pane: 750
Iterations: 242538
Time: 130.745823
Threads: 14
Size of Pane: 1000
Iterations: 373218
Time: 311.398277

########################################################################
----------------------! Balena Job Details !----------------------------

JobID          : 1051284
No. of nodes   : 1
No. of CPUs    : 16
Timelimit      : 00:15:00
Elapsed time   : 00:10:34
Nodelist       : node-sw-163

########################################################################

