Threads: 16
Size of Pane: 10
Iterations: 107
Time: 0.019820
Threads: 16
Size of Pane: 25
Iterations: 650
Time: 0.142854
Threads: 16
Size of Pane: 50
Iterations: 2364
Time: 0.521356
Threads: 16
Size of Pane: 75
Iterations: 4935
Time: 1.120015
Threads: 16
Size of Pane: 100
Iterations: 8256
Time: 1.744893
Threads: 16
Size of Pane: 150
Iterations: 16863
Time: 3.501394
Threads: 16
Size of Pane: 200
Iterations: 27757
Time: 5.638355
Threads: 16
Size of Pane: 250
Iterations: 40642
Time: 9.507798
Threads: 16
Size of Pane: 300
Iterations: 55287
Time: 13.974771
Threads: 16
Size of Pane: 350
Iterations: 71507
Time: 18.249040
Threads: 16
Size of Pane: 400
Iterations: 89145
Time: 25.386146
Threads: 16
Size of Pane: 450
Iterations: 108063
Time: 36.266772
Threads: 16
Size of Pane: 500
Iterations: 128143
Time: 47.462524
Threads: 16
Size of Pane: 750
Iterations: 242538
Time: 141.388566
Threads: 16
Size of Pane: 1000
Iterations: 373218
Time: 331.892243

########################################################################
----------------------! Balena Job Details !----------------------------

JobID          : 1051286
No. of nodes   : 1
No. of CPUs    : 16
Timelimit      : 00:15:00
Elapsed time   : 00:11:01
Nodelist       : node-sw-162

########################################################################

