Threads: 16
Size of Pane: 10
Iterations: 107
Time: 0.023424
Threads: 16
Size of Pane: 25
Iterations: 650
Time: 0.141008
Threads: 16
Size of Pane: 50
Iterations: 2364
Time: 0.518867
Threads: 16
Size of Pane: 75
Iterations: 4935
Time: 1.077318
Threads: 16
Size of Pane: 100
Iterations: 8256
Time: 1.726806
Threads: 16
Size of Pane: 150
Iterations: 16863
Time: 3.296569
Threads: 16
Size of Pane: 200
Iterations: 27757
Time: 5.377974
Threads: 16
Size of Pane: 250
Iterations: 40642
Time: 8.716927
Threads: 16
Size of Pane: 300
Iterations: 55287
Time: 12.597120
Threads: 16
Size of Pane: 350
Iterations: 71507
Time: 18.491107
Threads: 16
Size of Pane: 400
Iterations: 89145
Time: 24.693045
Threads: 16
Size of Pane: 450
Iterations: 108063
Time: 37.708297
Threads: 16
Size of Pane: 500
Iterations: 128143
Time: 43.339575
Threads: 16
Size of Pane: 750
Iterations: 242538
Time: 135.838955
Threads: 16
Size of Pane: 1000
Iterations: 373218
Time: 321.617777

########################################################################
----------------------! Balena Job Details !----------------------------

JobID          : 1051288
No. of nodes   : 1
No. of CPUs    : 16
Timelimit      : 00:15:00
Elapsed time   : 00:10:54
Nodelist       : node-sw-161

########################################################################

