Threads: 2
Size of Pane: 10
Iterations: 107
Time: 0.002526s
Threads: 2
Size of Pane: 25
Iterations: 650
Time: 0.016561s
Threads: 2
Size of Pane: 50
Iterations: 2364
Time: 0.084268s
Threads: 2
Size of Pane: 75
Iterations: 4935
Time: 0.232937s
Threads: 2
Size of Pane: 100
Iterations: 8256
Time: 0.591160s
Threads: 2
Size of Pane: 150
Iterations: 16863
Time: 2.192032s
Threads: 2
Size of Pane: 200
Iterations: 27757
Time: 5.910690s
Threads: 2
Size of Pane: 250
Iterations: 40642
Time: 12.982872s
Threads: 2
Size of Pane: 300
Iterations: 55287
Time: 24.760830s
Threads: 2
Size of Pane: 350
Iterations: 71507
Time: 42.954828s
Threads: 2
Size of Pane: 400
Iterations: 89145
Time: 69.115002s
Threads: 2
Size of Pane: 450
Iterations: 108063
Time: 105.722592s
Threads: 2
Size of Pane: 500
Iterations: 128143
Time: 153.293209s

########################################################################
----------------------! Balena Job Details !----------------------------

JobID          : 1051226
No. of nodes   : 1
No. of CPUs    : 16
Timelimit      : 00:10:00
Elapsed time   : 00:06:59
Nodelist       : node-sw-163

########################################################################

