Threads: 4
Size of Pane: 10
Iterations: 107
Time: 0.004783
Threads: 4
Size of Pane: 25
Iterations: 650
Time: 0.027734
Threads: 4
Size of Pane: 50
Iterations: 2364
Time: 0.116639
Threads: 4
Size of Pane: 75
Iterations: 4935
Time: 0.276626
Threads: 4
Size of Pane: 100
Iterations: 8256
Time: 0.533642
Threads: 4
Size of Pane: 150
Iterations: 16863
Time: 1.620101
Threads: 4
Size of Pane: 200
Iterations: 27757
Time: 3.691943
Threads: 4
Size of Pane: 250
Iterations: 40642
Time: 7.794739
Threads: 4
Size of Pane: 300
Iterations: 55287
Time: 14.160560
Threads: 4
Size of Pane: 350
Iterations: 71507
Time: 23.809673
Threads: 4
Size of Pane: 400
Iterations: 89145
Time: 37.595350
Threads: 4
Size of Pane: 450
Iterations: 108063
Time: 56.461734
Threads: 4
Size of Pane: 500
Iterations: 128143
Time: 81.276047
Threads: 4
Size of Pane: 750
Iterations: 242538
Time: 333.180261

########################################################################
----------------------! Balena Job Details !----------------------------

JobID          : 1051255
No. of nodes   : 1
No. of CPUs    : 16
Timelimit      : 00:15:00
Elapsed time   : 00:09:49
Nodelist       : node-sw-163

########################################################################

