Threads: 10
Size of Pane: 10
Iterations: 107
Time: 0.014502
Threads: 10
Size of Pane: 25
Iterations: 650
Time: 0.084673
Threads: 10
Size of Pane: 50
Iterations: 2364
Time: 0.311731
Threads: 10
Size of Pane: 75
Iterations: 4935
Time: 0.526480
Threads: 10
Size of Pane: 100
Iterations: 8256
Time: 0.935695
Threads: 10
Size of Pane: 150
Iterations: 16863
Time: 1.950559
Threads: 10
Size of Pane: 200
Iterations: 27757
Time: 3.938181
Threads: 10
Size of Pane: 250
Iterations: 40642
Time: 6.671970
Threads: 10
Size of Pane: 300
Iterations: 55287
Time: 10.730352
Threads: 10
Size of Pane: 350
Iterations: 71507
Time: 15.941450
Threads: 10
Size of Pane: 400
Iterations: 89145
Time: 22.788429
Threads: 10
Size of Pane: 450
Iterations: 108063
Time: 32.418933
Threads: 10
Size of Pane: 500
Iterations: 128143
Time: 44.226913
Threads: 10
Size of Pane: 750
Iterations: 242538
Time: 155.883467
Threads: 10
Size of Pane: 1000
Iterations: 373218
Time: 393.311426

########################################################################
----------------------! Balena Job Details !----------------------------

JobID          : 1051278
No. of nodes   : 1
No. of CPUs    : 16
Timelimit      : 00:15:00
Elapsed time   : 00:11:32
Nodelist       : node-sw-164

########################################################################

