Threads: 12
Size of Pane: 10
Iterations: 107
Time: 0.017736
Threads: 12
Size of Pane: 25
Iterations: 650
Time: 0.103872
Threads: 12
Size of Pane: 50
Iterations: 2364
Time: 0.381436
Threads: 12
Size of Pane: 75
Iterations: 4935
Time: 0.767674
Threads: 12
Size of Pane: 100
Iterations: 8256
Time: 1.205704
Threads: 12
Size of Pane: 150
Iterations: 16863
Time: 2.483020
Threads: 12
Size of Pane: 200
Iterations: 27757
Time: 4.304638
Threads: 12
Size of Pane: 250
Iterations: 40642
Time: 7.101040
Threads: 12
Size of Pane: 300
Iterations: 55287
Time: 10.818768
Threads: 12
Size of Pane: 350
Iterations: 71507
Time: 16.047310
Threads: 12
Size of Pane: 400
Iterations: 89145
Time: 22.325571
Threads: 12
Size of Pane: 450
Iterations: 108063
Time: 31.403384
Threads: 12
Size of Pane: 500
Iterations: 128143
Time: 41.450922
Threads: 12
Size of Pane: 750
Iterations: 242538
Time: 139.446039
Threads: 12
Size of Pane: 1000
Iterations: 373218
Time: 343.207708

########################################################################
----------------------! Balena Job Details !----------------------------

JobID          : 1051279
No. of nodes   : 1
No. of CPUs    : 16
Timelimit      : 00:15:00
Elapsed time   : 00:10:39
Nodelist       : node-sw-162

########################################################################

