slurmstepd: error: *** JOB 1051903 ON node-sw-163 CANCELLED AT 2017-11-07T16:05:32 ***

########################################################################
----------------------! Balena Job Details !----------------------------

JobID          : 1051903
No. of nodes   : 1
No. of CPUs    : 16
Timelimit      : 00:15:00
Elapsed time   : 00:02:39
Nodelist       : node-sw-163

########################################################################

Threads: 16
Size of Pane: 1250
Iterations: 512787
Time: 598.070786

########################################################################
----------------------! Balena Job Details !----------------------------

JobID          : 1051902
No. of nodes   : 1
No. of CPUs    : 16
Timelimit      : 00:15:00
Elapsed time   : 00:09:59
Nodelist       : node-sw-162

########################################################################

