Threads: 6
Size of Pane: 10
Iterations: 107
Time: 0.006924
Threads: 6
Size of Pane: 25
Iterations: 650
Time: 0.039232
Threads: 6
Size of Pane: 50
Iterations: 2364
Time: 0.157294
Threads: 6
Size of Pane: 75
Iterations: 4935
Time: 0.349166
Threads: 6
Size of Pane: 100
Iterations: 8256
Time: 0.638680
Threads: 6
Size of Pane: 150
Iterations: 16863
Time: 1.668977
Threads: 6
Size of Pane: 200
Iterations: 27757
Time: 3.537360
Threads: 6
Size of Pane: 250
Iterations: 40642
Time: 6.569353
Threads: 6
Size of Pane: 300
Iterations: 55287
Time: 11.501243
Threads: 6
Size of Pane: 350
Iterations: 71507
Time: 18.423344
Threads: 6
Size of Pane: 400
Iterations: 89145
Time: 28.208787
Threads: 6
Size of Pane: 450
Iterations: 108063
Time: 41.729922
Threads: 6
Size of Pane: 500
Iterations: 128143
Time: 58.938829
Threads: 6
Size of Pane: 750
Iterations: 242538
Time: 231.614476

########################################################################
----------------------! Balena Job Details !----------------------------

JobID          : 1051267
No. of nodes   : 1
No. of CPUs    : 16
Timelimit      : 00:15:00
Elapsed time   : 00:06:45
Nodelist       : node-sw-162

########################################################################

