Threads: 6
Size of Pane: 10
Iterations: 107
Time: 0.007759
Threads: 6
Size of Pane: 25
Iterations: 650
Time: 0.040823
Threads: 6
Size of Pane: 50
Iterations: 2364
Time: 0.160221
Threads: 6
Size of Pane: 75
Iterations: 4935
Time: 0.301458
Threads: 6
Size of Pane: 100
Iterations: 8256
Time: 0.629770
Threads: 6
Size of Pane: 150
Iterations: 16863
Time: 1.703705
Threads: 6
Size of Pane: 200
Iterations: 27757
Time: 3.558262
Threads: 6
Size of Pane: 250
Iterations: 40642
Time: 6.600884
Threads: 6
Size of Pane: 300
Iterations: 55287
Time: 11.575651
Threads: 6
Size of Pane: 350
Iterations: 71507
Time: 18.406802
Threads: 6
Size of Pane: 400
Iterations: 89145
Time: 28.286013
Threads: 6
Size of Pane: 450
Iterations: 108063
Time: 41.631773
Threads: 6
Size of Pane: 500
Iterations: 128143
Time: 59.076101
Threads: 6
Size of Pane: 750
Iterations: 242538
Time: 231.489667

########################################################################
----------------------! Balena Job Details !----------------------------

JobID          : 1051269
No. of nodes   : 1
No. of CPUs    : 16
Timelimit      : 00:15:00
Elapsed time   : 00:06:44
Nodelist       : node-sw-164

########################################################################

