Threads: 6
Size of Pane: 10
Iterations: 107
Time: 0.007511
Threads: 6
Size of Pane: 25
Iterations: 650
Time: 0.045188
Threads: 6
Size of Pane: 50
Iterations: 2364
Time: 0.133367
Threads: 6
Size of Pane: 75
Iterations: 4935
Time: 0.341335
Threads: 6
Size of Pane: 100
Iterations: 8256
Time: 0.639307
Threads: 6
Size of Pane: 150
Iterations: 16863
Time: 1.640519
Threads: 6
Size of Pane: 200
Iterations: 27757
Time: 3.479122
Threads: 6
Size of Pane: 250
Iterations: 40642
Time: 6.587204
Threads: 6
Size of Pane: 300
Iterations: 55287
Time: 11.364812
Threads: 6
Size of Pane: 350
Iterations: 71507
Time: 18.213636
Threads: 6
Size of Pane: 400
Iterations: 89145
Time: 28.150986
Threads: 6
Size of Pane: 450
Iterations: 108063
Time: 41.512660
Threads: 6
Size of Pane: 500
Iterations: 128143
Time: 58.698098
Threads: 6
Size of Pane: 750
Iterations: 242538
Time: 231.525791

########################################################################
----------------------! Balena Job Details !----------------------------

JobID          : 1051268
No. of nodes   : 1
No. of CPUs    : 16
Timelimit      : 00:15:00
Elapsed time   : 00:06:43
Nodelist       : node-sw-163

########################################################################

