Threads: 8
Size of Pane: 10
Iterations: 107
Time: 0.010180
Threads: 8
Size of Pane: 25
Iterations: 650
Time: 0.063621
Threads: 8
Size of Pane: 50
Iterations: 2364
Time: 0.203737
Threads: 8
Size of Pane: 75
Iterations: 4935
Time: 0.412658
Threads: 8
Size of Pane: 100
Iterations: 8256
Time: 0.689113
Threads: 8
Size of Pane: 150
Iterations: 16863
Time: 1.840068
Threads: 8
Size of Pane: 200
Iterations: 27757
Time: 3.576649
Threads: 8
Size of Pane: 250
Iterations: 40642
Time: 6.380267
Threads: 8
Size of Pane: 300
Iterations: 55287
Time: 10.511347
Threads: 8
Size of Pane: 350
Iterations: 71507
Time: 16.360480
Threads: 8
Size of Pane: 400
Iterations: 89145
Time: 24.424532
Threads: 8
Size of Pane: 450
Iterations: 108063
Time: 35.106864
Threads: 8
Size of Pane: 500
Iterations: 128143
Time: 48.534537
Threads: 8
Size of Pane: 750
Iterations: 242538
Time: 182.474394
Threads: 8
Size of Pane: 1000
Iterations: 373218
Time: 474.478035

########################################################################
----------------------! Balena Job Details !----------------------------

JobID          : 1051275
No. of nodes   : 1
No. of CPUs    : 16
Timelimit      : 00:15:00
Elapsed time   : 00:13:27
Nodelist       : node-sw-163

########################################################################

