Threads: 8
Size of Pane: 10
Iterations: 107
Time: 0.010919
Threads: 8
Size of Pane: 25
Iterations: 650
Time: 0.064577
Threads: 8
Size of Pane: 50
Iterations: 2364
Time: 0.208584
Threads: 8
Size of Pane: 75
Iterations: 4935
Time: 0.455970
Threads: 8
Size of Pane: 100
Iterations: 8256
Time: 0.776302
Threads: 8
Size of Pane: 150
Iterations: 16863
Time: 1.900366
Threads: 8
Size of Pane: 200
Iterations: 27757
Time: 3.560765
Threads: 8
Size of Pane: 250
Iterations: 40642
Time: 6.476001
Threads: 8
Size of Pane: 300
Iterations: 55287
Time: 10.484052
Threads: 8
Size of Pane: 350
Iterations: 71507
Time: 16.410955
Threads: 8
Size of Pane: 400
Iterations: 89145
Time: 24.472481
Threads: 8
Size of Pane: 450
Iterations: 108063
Time: 35.138457
Threads: 8
Size of Pane: 500
Iterations: 128143
Time: 48.666153
Threads: 8
Size of Pane: 750
Iterations: 242538
Time: 182.679206
Threads: 8
Size of Pane: 1000
Iterations: 373218
Time: 472.259437

########################################################################
----------------------! Balena Job Details !----------------------------

JobID          : 1051274
No. of nodes   : 1
No. of CPUs    : 16
Timelimit      : 00:15:00
Elapsed time   : 00:13:26
Nodelist       : node-sw-162

########################################################################

